# JRE version: OpenJDK Runtime Environment (21.0.6) (build 21.0.6+-13391695-b895.109)
# Java VM: OpenJDK 64-Bit Server VM (21.0.6+-13391695-b895.109, mixed mode, tiered, compressed oops, compressed class ptrs, g1 gc, windows-amd64)
GC Precious Log:
 CardTable entry size: 512
 Card Set container configuration: InlinePtr #cards 5 size 8 Array Of Cards #cards 12 size 40 Howl #buckets 4 coarsen threshold 1843 Howl Bitmap #cards 512 size 80 coarsen threshold 460 Card regions per heap region 1 cards per card region 2048
 CPUs: 12 total, 12 available
 Memory: 16009M
 Large Page Support: Disabled
 NUMA Support: Disabled
 Compressed Oops: Enabled (32-bit)
 Heap Region Size: 1M
 Heap Min Capacity: 8M
 Heap Initial Capacity: 252M
 Heap Max Capacity: 2G
 Pre-touch: Disabled
 Parallel Workers: 10
 Concurrent Workers: 3
 Concurrent Refinement Workers: 10
 Periodic GC: Disabled
Heap:
 garbage-first heap   total 320512K, used 194117K [0x0000000080000000, 0x0000000100000000)
  region size 1024K, 58 young (59392K), 20 survivors (20480K)
 Metaspace       used 146865K, committed 149248K, reserved 1179648K
  class space    used 19906K, committed 21120K, reserved 1048576K
GC Heap History (20 events):
Event: 55.325 GC heap before
{Heap before GC invocations=51 (full 0):
 garbage-first heap   total 219136K, used 198414K [0x0000000080000000, 0x0000000100000000)
  region size 1024K, 80 young (81920K), 4 survivors (4096K)
 Metaspace       used 126793K, committed 129024K, reserved 1179648K
  class space    used 17283K, committed 18432K, reserved 1048576K
}
Event: 55.335 GC heap after
{Heap after GC invocations=52 (full 0):
 garbage-first heap   total 219136K, used 129846K [0x0000000080000000, 0x0000000100000000)
  region size 1024K, 10 young (10240K), 10 survivors (10240K)
 Metaspace       used 126793K, committed 129024K, reserved 1179648K
  class space    used 17283K, committed 18432K, reserved 1048576K
}
Event: 55.769 GC heap before
{Heap before GC invocations=52 (full 0):
 garbage-first heap   total 219136K, used 195382K [0x0000000080000000, 0x0000000100000000)
  region size 1024K, 75 young (76800K), 10 survivors (10240K)
 Metaspace       used 131380K, committed 133632K, reserved 1179648K
  class space    used 17918K, committed 19072K, reserved 1048576K
}
Event: 55.776 GC heap after
{Heap after GC invocations=53 (full 0):
 garbage-first heap   total 219136K, used 131719K [0x0000000080000000, 0x0000000100000000)
  region size 1024K, 2 young (2048K), 2 survivors (2048K)
 Metaspace       used 131380K, committed 133632K, reserved 1179648K
  class space    used 17918K, committed 19072K, reserved 1048576K
}
Event: 56.516 GC heap before
{Heap before GC invocations=54 (full 0):
 garbage-first heap   total 220160K, used 201351K [0x0000000080000000, 0x0000000100000000)
  region size 1024K, 70 young (71680K), 2 survivors (2048K)
 Metaspace       used 134875K, committed 137088K, reserved 1179648K
  class space    used 18590K, committed 19712K, reserved 1048576K
}
Event: 56.525 GC heap after
{Heap after GC invocations=55 (full 0):
 garbage-first heap   total 220160K, used 137991K [0x0000000080000000, 0x0000000100000000)
  region size 1024K, 9 young (9216K), 9 survivors (9216K)
 Metaspace       used 134875K, committed 137088K, reserved 1179648K
  class space    used 18590K, committed 19712K, reserved 1048576K
}
Event: 57.319 GC heap before
{Heap before GC invocations=55 (full 0):
 garbage-first heap   total 247808K, used 245511K [0x0000000080000000, 0x0000000100000000)
  region size 1024K, 40 young (40960K), 9 survivors (9216K)
 Metaspace       used 136985K, committed 139264K, reserved 1179648K
  class space    used 18852K, committed 19968K, reserved 1048576K
}
Event: 57.328 GC heap after
{Heap after GC invocations=56 (full 0):
 garbage-first heap   total 256000K, used 130699K [0x0000000080000000, 0x0000000100000000)
  region size 1024K, 2 young (2048K), 2 survivors (2048K)
 Metaspace       used 136985K, committed 139264K, reserved 1179648K
  class space    used 18852K, committed 19968K, reserved 1048576K
}
Event: 61.097 GC heap before
{Heap before GC invocations=56 (full 0):
 garbage-first heap   total 256000K, used 233099K [0x0000000080000000, 0x0000000100000000)
  region size 1024K, 103 young (105472K), 2 survivors (2048K)
 Metaspace       used 137352K, committed 139648K, reserved 1179648K
  class space    used 18862K, committed 20032K, reserved 1048576K
}
Event: 61.108 GC heap after
{Heap after GC invocations=57 (full 0):
 garbage-first heap   total 256000K, used 141407K [0x0000000080000000, 0x0000000100000000)
  region size 1024K, 12 young (12288K), 12 survivors (12288K)
 Metaspace       used 137352K, committed 139648K, reserved 1179648K
  class space    used 18862K, committed 20032K, reserved 1048576K
}
Event: 164.044 GC heap before
{Heap before GC invocations=58 (full 0):
 garbage-first heap   total 256000K, used 224351K [0x0000000080000000, 0x0000000100000000)
  region size 1024K, 96 young (98304K), 12 survivors (12288K)
 Metaspace       used 137606K, committed 139904K, reserved 1179648K
  class space    used 18849K, committed 20032K, reserved 1048576K
}
Event: 164.058 GC heap after
{Heap after GC invocations=59 (full 0):
 garbage-first heap   total 256000K, used 139766K [0x0000000080000000, 0x0000000100000000)
  region size 1024K, 10 young (10240K), 10 survivors (10240K)
 Metaspace       used 137606K, committed 139904K, reserved 1179648K
  class space    used 18849K, committed 20032K, reserved 1048576K
}
Event: 170.553 GC heap before
{Heap before GC invocations=59 (full 0):
 garbage-first heap   total 305152K, used 300534K [0x0000000080000000, 0x0000000100000000)
  region size 1024K, 96 young (98304K), 10 survivors (10240K)
 Metaspace       used 137883K, committed 140160K, reserved 1179648K
  class space    used 18864K, committed 20032K, reserved 1048576K
}
Event: 170.570 GC heap after
{Heap after GC invocations=60 (full 0):
 garbage-first heap   total 320512K, used 132771K [0x0000000080000000, 0x0000000100000000)
  region size 1024K, 4 young (4096K), 4 survivors (4096K)
 Metaspace       used 137883K, committed 140160K, reserved 1179648K
  class space    used 18864K, committed 20032K, reserved 1048576K
}
Event: 340.888 GC heap before
{Heap before GC invocations=60 (full 0):
 garbage-first heap   total 320512K, used 291491K [0x0000000080000000, 0x0000000100000000)
  region size 1024K, 160 young (163840K), 4 survivors (4096K)
 Metaspace       used 138306K, committed 140608K, reserved 1179648K
  class space    used 18870K, committed 20032K, reserved 1048576K
}
Event: 340.901 GC heap after
{Heap after GC invocations=61 (full 0):
 garbage-first heap   total 320512K, used 140429K [0x0000000080000000, 0x0000000100000000)
  region size 1024K, 11 young (11264K), 11 survivors (11264K)
 Metaspace       used 138306K, committed 140608K, reserved 1179648K
  class space    used 18870K, committed 20032K, reserved 1048576K
}
Event: 698.987 GC heap before
{Heap before GC invocations=61 (full 0):
 garbage-first heap   total 320512K, used 289933K [0x0000000080000000, 0x0000000100000000)
  region size 1024K, 158 young (161792K), 11 survivors (11264K)
 Metaspace       used 138640K, committed 140928K, reserved 1179648K
  class space    used 18873K, committed 20032K, reserved 1048576K
}
Event: 699.004 GC heap after
{Heap after GC invocations=62 (full 0):
 garbage-first heap   total 320512K, used 143310K [0x0000000080000000, 0x0000000100000000)
  region size 1024K, 14 young (14336K), 14 survivors (14336K)
 Metaspace       used 138640K, committed 140928K, reserved 1179648K
  class space    used 18873K, committed 20032K, reserved 1048576K
}
Event: 803.326 GC heap before
{Heap before GC invocations=63 (full 0):
 garbage-first heap   total 320512K, used 286670K [0x0000000080000000, 0x0000000100000000)
  region size 1024K, 155 young (158720K), 14 survivors (14336K)
 Metaspace       used 141489K, committed 143744K, reserved 1179648K
  class space    used 19234K, committed 20352K, reserved 1048576K
}
Event: 803.357 GC heap after
{Heap after GC invocations=64 (full 0):
 garbage-first heap   total 320512K, used 153157K [0x0000000080000000, 0x0000000100000000)
  region size 1024K, 20 young (20480K), 20 survivors (20480K)
 Metaspace       used 141489K, committed 143744K, reserved 1179648K
  class space    used 19234K, committed 20352K, reserved 1048576K
}

